<?xml version="1.0" encoding="UTF-8"?>
<!-- Generated by org.testng.reporters.JUnitReportReporter -->
<testsuite hostname="esraa-farag" failures="0" tests="1" name="admin.SearhUsersTests" time="9.738" errors="0" timestamp="2021-10-15T15:02:09 EET" skipped="0">
  <testcase classname="admin.SearhUsersTests" name="searchForValidUserTest" time="9.738"/>
  <system-out/>
</testsuite> <!-- admin.SearhUsersTests -->
