<?xml version="1.0" encoding="UTF-8"?>
<!-- Generated by org.testng.reporters.JUnitReportReporter -->
<testsuite hostname="esraa-farag" failures="0" tests="1" name="login.LoginTests" time="7.921" errors="0" timestamp="2021-10-15T14:48:05 EET" skipped="0">
  <testcase classname="login.LoginTests" name="testSuccessfulLogin" time="7.921"/>
  <system-out/>
</testsuite> <!-- login.LoginTests -->
