<?xml version="1.0" encoding="UTF-8"?>
<!-- Generated by org.testng.reporters.JUnitReportReporter -->
<testsuite hostname="esraa-farag" failures="0" tests="1" name="logout.logoutTests" time="10.520" errors="0" timestamp="2021-10-15T18:23:45 EET" skipped="0">
  <testcase classname="logout.logoutTests" name="testSuccessLogout" time="10.520"/>
  <system-out/>
</testsuite> <!-- logout.logoutTests -->
