<?xml version="1.0" encoding="UTF-8"?>
<!-- Generated by org.testng.reporters.JUnitReportReporter -->
<testsuite hostname="esraa-farag" failures="0" tests="1" name="base.Base" time="4.622" errors="0" timestamp="2021-10-15T12:15:32 EET" skipped="0">
  <testcase classname="base.Base" name="openLoginPage" time="4.622"/>
  <system-out/>
</testsuite> <!-- base.Base -->
