<?xml version="1.0" encoding="UTF-8"?>
<!-- Generated by org.testng.reporters.JUnitReportReporter -->
<testsuite hostname="esraa-farag" failures="0" tests="1" name="leave.AssignLeaveTests" time="14.114" errors="0" timestamp="2021-10-15T18:05:00 EET" skipped="0">
  <testcase classname="leave.AssignLeaveTests" name="TestAssignLeave" time="14.114"/>
  <system-out/>
</testsuite> <!-- leave.AssignLeaveTests -->
